{
  "stats": {
    "suites": 1,
    "tests": 1,
    "passes": 1,
    "pending": 0,
    "failures": 0,
    "start": "2024-10-23T15:11:44.203Z",
    "end": "2024-10-23T15:12:05.909Z",
    "duration": 21706,
    "testsRegistered": 1,
    "passPercent": 100,
    "pendingPercent": 0,
    "other": 0,
    "hasOther": false,
    "skipped": 0,
    "hasSkipped": false
  },
  "results": [
    {
      "uuid": "76d99481-4752-4905-a84f-1c2a4a7ec417",
      "title": "",
      "fullFile": "cypress\\e2e\\test.cy.js",
      "file": "cypress\\e2e\\test.cy.js",
      "beforeHooks": [],
      "afterHooks": [],
      "tests": [],
      "suites": [
        {
          "uuid": "77f89592-e7a2-498d-92f2-ed2e9ec740e7",
          "title": "Energie aanvragen on Eneco Website",
          "fullFile": "",
          "file": "",
          "beforeHooks": [],
          "afterHooks": [],
          "tests": [
            {
              "title": "Request a energie quote using postal code",
              "fullTitle": "Energie aanvragen on Eneco Website Request a energie quote using postal code",
              "timedOut": null,
              "duration": 21496,
              "state": "passed",
              "speed": "slow",
              "pass": true,
              "fail": false,
              "pending": false,
              "context": null,
              "code": "homePage.visit();\nhomePage.clickWeigerenButton();\nhomePage.checkIfBerekenButtonExist();\nhomePage.checkTitle('Energieleverancier Eneco - duurzame energie van iedereen');\nhomePage.enterPostalCode('9713RD');\nhomePage.enterHouseNumber('63');\nhomePage.clickBerekenButton();\nenergieKeuzePage.verifyPageIsDisplayed();\nenergieKeuzePage.clickStroomEnGasButton();\nenergieKeuzePage.clickVolgendeButton();\nverbruikBekendPage.verifyPageIsDisplayed();\nverbruikBekendPage.checkHeadingExist();\nverbruikBekendPage.clickVulMijnVerbruikZelfInButton();\nverbruikBekendPage.clickVolgendeButton();\nverbruikPage.verifyPageIsDisplayed();\nverbruikPage.checkHeadingExist();\nverbruikPage.enterUsage();\nverbruikPage.clickVolgendeButton();\nzonnePanelenPage.verifyPageIsDisplayed();\nzonnePanelenPage.checkHeadingExist();\nzonnePanelenPage.clickNeeButton();\nzonnePanelenPage.clickVolgendeButton();\nverhuizenPage.verifyPageIsDisplayed();\nverhuizenPage.checkHeadingExist();\nverhuizenPage.clickNeeButton();\nverhuizenPage.clickVolgendeButton();\nloopTijdPage.verifyPageIsDisplayed();\nloopTijdPage.checkHeadingExist();\nloopTijdPage.clickVastButton();\nloopTijdPage.clickVolgendeButton();\nco2gasPage.verifyPageIsDisplayed();\nco2gasPage.checkHeadingExist();\nco2gasPage.clickUitButton();\nco2gasPage.clickNaarJeAanbodButton();\noverzichtPage.verifyPageIsDisplayed();\noverzichtPage.checkHeadingExist();\noverzichtPage.clickNaarJeGegevensButton();\nstartLeverDatumPage.verifyPageIsDisplayed();\nstartLeverDatumPage.checkHeadingExist();\nstartLeverDatumPage.clickVolgendeButton();\nadresGegevensPage.checkHeadingExist();\nadresGegevensPage.clickJaButton();\nadresGegevensPage.clickVolgendeButton();\npersoonlijkeGegevensPage.completePersonalDetailsForm();\npersoonlijkeGegevensPage.clickVolgendeButton();\ncontactGegevensPage.verifyPageIsDisplayed();\ncontactGegevensPage.checkHeadingExist();\ncontactGegevensPage.completeContactDetails();\ncontactGegevensPage.clickControlerenButton();",
              "err": {},
              "uuid": "dca1b89b-0d2c-4e59-b44d-a1a3052b2b32",
              "parentUUID": "77f89592-e7a2-498d-92f2-ed2e9ec740e7",
              "isHook": false,
              "skipped": false
            }
          ],
          "suites": [],
          "passes": [
            "dca1b89b-0d2c-4e59-b44d-a1a3052b2b32"
          ],
          "failures": [],
          "pending": [],
          "skipped": [],
          "duration": 21496,
          "root": false,
          "rootEmpty": false,
          "_timeout": 2000
        }
      ],
      "passes": [],
      "failures": [],
      "pending": [],
      "skipped": [],
      "duration": 0,
      "root": true,
      "rootEmpty": true,
      "_timeout": 2000
    }
  ],
  "meta": {
    "mocha": {
      "version": "7.0.1"
    },
    "mochawesome": {
      "options": {
        "quiet": false,
        "reportFilename": "report.html",
        "saveHtml": true,
        "saveJson": true,
        "consoleReporter": "spec",
        "useInlineDiffs": false,
        "code": true
      },
      "version": "7.1.3"
    },
    "marge": {
      "options": {
        "reportDir": "cypress/reports",
        "overwrite": false,
        "html": true,
        "json": true,
        "reportFilename": "report.html",
        "embeddedScreenshots": true,
        "inlineAssets": true
      },
      "version": "6.2.0"
    }
  }
}