{
  "stats": {
    "suites": 1,
    "tests": 1,
    "passes": 0,
    "pending": 0,
    "failures": 1,
    "start": "2024-10-23T14:21:34.312Z",
    "end": "2024-10-23T14:22:47.553Z",
    "duration": 73241,
    "testsRegistered": 1,
    "passPercent": 0,
    "pendingPercent": 0,
    "other": 0,
    "hasOther": false,
    "skipped": 0,
    "hasSkipped": false
  },
  "results": [
    {
      "uuid": "ad7f521c-b490-4cf2-a0ea-21992e4716c2",
      "title": "",
      "fullFile": "cypress\\e2e\\test.cy.js",
      "file": "cypress\\e2e\\test.cy.js",
      "beforeHooks": [],
      "afterHooks": [],
      "tests": [],
      "suites": [
        {
          "uuid": "40070ceb-dd5c-4fb7-9f42-834c85603418",
          "title": "Energie aanvragen on Eneco Website",
          "fullFile": "",
          "file": "",
          "beforeHooks": [],
          "afterHooks": [],
          "tests": [
            {
              "title": "Request a energie quote using postal code",
              "fullTitle": "Energie aanvragen on Eneco Website Request a energie quote using postal code",
              "timedOut": null,
              "duration": 73147,
              "state": "failed",
              "speed": null,
              "pass": false,
              "fail": true,
              "pending": false,
              "context": null,
              "code": "homePage.visit();\nhomePage.clickWeigerenButton();\nhomePage.checkIfBerekenButtonExist();\nhomePage.checkTitle('Energieleverancier Eneco - duurzame energie van iedereen'); // Adjust the expected title\nhomePage.enterPostalCode('9713RD');\nhomePage.enterHouseNumber('63');\nhomePage.clickBerekenButton();\nenergieKeuzePage.verifyPageIsDisplayed();\nenergieKeuzePage.clickStroomEnGasButton();\nenergieKeuzePage.clickVolgendeButton();\nverbruikBekendPage.verifyPageIsDisplayed();\nverbruikBekendPage.checkHeadingExist();\nverbruikBekendPage.clickVulMijnVerbruikZelfInButton();\nverbruikBekendPage.clickVolgendeButton();\nverbruikPage.verifyPageIsDisplayed();\nverbruikPage.checkHeadingExist();\nverbruikPage.enterUsage();\nverbruikPage.clickVolgendeButton();\nzonnePanelenPage.verifyPageIsDisplayed();\nzonnePanelenPage.checkHeadingExist();\nzonnePanelenPage.clickNeeButton();\nzonnePanelenPage.clickVolgendeButton();\nverhuizenPage.verifyPageIsDisplayed();\nverhuizenPage.checkHeadingExist();\nverhuizenPage.clickNeeButton();\nverhuizenPage.clickVolgendeButton();\nloopTijdPage.verifyPageIsDisplayed();\nloopTijdPage.checkHeadingExist();\nloopTijdPage.clickVastButton();\nloopTijdPage.click1JaarButton();\nloopTijdPage.clickVolgendeButton();\nco2gasPage.verifyPageIsDisplayed();\nco2gasPage.checkHeadingExist();\nco2gasPage.clickUitButton();\nco2gasPage.clickNaarJeAanbodButton();\noverzichtPage.verifyPageIsDisplayed();\noverzichtPage.checkHeadingExist();\noverzichtPage.clickNaarJeGegevensButton();\nstartLeverDatumPage.verifyPageIsDisplayed();\nstartLeverDatumPage.checkHeadingExist();\nstartLeverDatumPage.clickVolgendeButton();\nadresGegevensPage.checkHeadingExist();\nadresGegevensPage.clickJaButton();\nadresGegevensPage.clickVolgendeButton();\npersoonlijkeGegevensPage.completePersonalDetailsForm();\npersoonlijkeGegevensPage.clickVolgendeButton();\ncontactGegevensPage.verifyPageIsDisplayed();\ncontactGegevensPage.checkHeadingExist();\ncontactGegevensPage.completeContactDetails();\ncontactGegevensPage.clickControlerenButton();",
              "err": {
                "message": "AssertionError: Timed out retrying after 60000ms: Expected to find element: `[data-label=\"1 jaar stroom en gas\"]`, but never found it.",
                "estack": "AssertionError: Timed out retrying after 60000ms: Expected to find element: `[data-label=\"1 jaar stroom en gas\"]`, but never found it.\n    at LoopTijdPage.click1JaarButton (webpack:///./cypress/pageObjects/LoopTijdPage.js:17:11)\n    at Context.eval (webpack:///./cypress/e2e/test.cy.js:61:21)",
                "diff": null
              },
              "uuid": "a791a651-d6d7-41fe-8da6-435b0e87cb6e",
              "parentUUID": "40070ceb-dd5c-4fb7-9f42-834c85603418",
              "isHook": false,
              "skipped": false
            }
          ],
          "suites": [],
          "passes": [],
          "failures": [
            "a791a651-d6d7-41fe-8da6-435b0e87cb6e"
          ],
          "pending": [],
          "skipped": [],
          "duration": 73147,
          "root": false,
          "rootEmpty": false,
          "_timeout": 2000
        }
      ],
      "passes": [],
      "failures": [],
      "pending": [],
      "skipped": [],
      "duration": 0,
      "root": true,
      "rootEmpty": true,
      "_timeout": 2000
    }
  ],
  "meta": {
    "mocha": {
      "version": "7.0.1"
    },
    "mochawesome": {
      "options": {
        "quiet": false,
        "reportFilename": "report",
        "saveHtml": true,
        "saveJson": true,
        "consoleReporter": "spec",
        "useInlineDiffs": false,
        "code": true
      },
      "version": "7.1.3"
    },
    "marge": {
      "options": {
        "reportDir": "cypress/reports",
        "overwrite": false,
        "html": true,
        "json": true,
        "reportFilename": "report",
        "embeddedScreenshots": true,
        "inlineAssets": true
      },
      "version": "6.2.0"
    }
  }
}